#! /usr/bin/vvp
:ivl_version "10.2 (stable)";
:ivl_delay_selection "TYPICAL";
:vpi_time_precision + 0;
:vpi_module "system";
:vpi_module "vhdl_sys";
:vpi_module "v2005_math";
:vpi_module "va_math";
S_0x56000b52c2c0 .scope module, "test" "test" 2 11;
 .timescale 0 0;
v0x56000b555620_0 .var "a", 0 0;
v0x56000b5556e0_0 .var "b", 0 0;
v0x56000b555780_0 .net "c", 0 0, L_0x56000b555b70;  1 drivers
v0x56000b555820_0 .net "d", 0 0, L_0x56000b555d40;  1 drivers
v0x56000b5558c0_0 .net "e", 0 0, L_0x56000b555f80;  1 drivers
v0x56000b555960_0 .net "f", 0 0, L_0x56000b556020;  1 drivers
v0x56000b555a00_0 .net "g", 0 0, L_0x56000b556180;  1 drivers
v0x56000b555aa0_0 .net "h", 0 0, L_0x56000b5562c0;  1 drivers
S_0x56000b52c440 .scope module, "g1" "m1" 2 14, 2 1 0, S_0x56000b52c2c0;
 .timescale 0 0;
    .port_info 0 /INPUT 1 "A"
    .port_info 1 /INPUT 1 "B"
    .port_info 2 /OUTPUT 1 "C"
    .port_info 3 /OUTPUT 1 "D"
    .port_info 4 /OUTPUT 1 "E"
    .port_info 5 /OUTPUT 1 "F"
    .port_info 6 /OUTPUT 1 "G"
    .port_info 7 /OUTPUT 1 "H"
L_0x56000b555b70 .functor AND 1, v0x56000b555620_0, v0x56000b5556e0_0, C4<1>, C4<1>;
L_0x56000b555cd0 .functor AND 1, v0x56000b555620_0, v0x56000b5556e0_0, C4<1>, C4<1>;
L_0x56000b555e80 .functor OR 1, v0x56000b555620_0, v0x56000b5556e0_0, C4<0>, C4<0>;
L_0x56000b556020 .functor XOR 1, v0x56000b555620_0, v0x56000b5556e0_0, C4<0>, C4<0>;
L_0x56000b556110 .functor XOR 1, v0x56000b555620_0, v0x56000b5556e0_0, C4<0>, C4<0>;
v0x56000b4f5140_0 .net "A", 0 0, v0x56000b555620_0;  1 drivers
v0x56000b554d10_0 .net "B", 0 0, v0x56000b5556e0_0;  1 drivers
v0x56000b554dd0_0 .net "C", 0 0, L_0x56000b555b70;  alias, 1 drivers
v0x56000b554e70_0 .net "D", 0 0, L_0x56000b555d40;  alias, 1 drivers
v0x56000b554f30_0 .net "E", 0 0, L_0x56000b555f80;  alias, 1 drivers
v0x56000b555040_0 .net "F", 0 0, L_0x56000b556020;  alias, 1 drivers
v0x56000b555100_0 .net "G", 0 0, L_0x56000b556180;  alias, 1 drivers
v0x56000b5551c0_0 .net "H", 0 0, L_0x56000b5562c0;  alias, 1 drivers
v0x56000b555280_0 .net *"_s12", 0 0, L_0x56000b556110;  1 drivers
v0x56000b555360_0 .net *"_s2", 0 0, L_0x56000b555cd0;  1 drivers
v0x56000b555440_0 .net *"_s6", 0 0, L_0x56000b555e80;  1 drivers
L_0x56000b555d40 .reduce/nor L_0x56000b555cd0;
L_0x56000b555f80 .reduce/nor L_0x56000b555e80;
L_0x56000b556180 .reduce/nor L_0x56000b556110;
L_0x56000b5562c0 .reduce/nor v0x56000b555620_0;
    .scope S_0x56000b52c2c0;
T_0 ;
    %vpi_call 2 16 "$display", "A\011B\011C\011D\011E\011F\011G\011H\011" {0 0 0};
    %vpi_call 2 17 "$monitor", "%b\011%b\011%b\011%b\011%b\011%b\011%b\011%b\011", v0x56000b555620_0, v0x56000b5556e0_0, v0x56000b555780_0, v0x56000b555820_0, v0x56000b5558c0_0, v0x56000b555960_0, v0x56000b555a00_0, v0x56000b555aa0_0 {0 0 0};
    %vpi_call 2 18 "$dumpfile", "first.vcd" {0 0 0};
    %vpi_call 2 19 "$dumpvars", 32'sb00000000000000000000000000000000, S_0x56000b52c2c0 {0 0 0};
    %pushi/vec4 0, 0, 1;
    %store/vec4 v0x56000b555620_0, 0, 1;
    %pushi/vec4 0, 0, 1;
    %store/vec4 v0x56000b5556e0_0, 0, 1;
    %delay 10, 0;
    %pushi/vec4 0, 0, 1;
    %store/vec4 v0x56000b555620_0, 0, 1;
    %pushi/vec4 1, 0, 1;
    %store/vec4 v0x56000b5556e0_0, 0, 1;
    %delay 10, 0;
    %pushi/vec4 1, 0, 1;
    %store/vec4 v0x56000b555620_0, 0, 1;
    %pushi/vec4 0, 0, 1;
    %store/vec4 v0x56000b5556e0_0, 0, 1;
    %delay 10, 0;
    %pushi/vec4 1, 0, 1;
    %store/vec4 v0x56000b555620_0, 0, 1;
    %pushi/vec4 1, 0, 1;
    %store/vec4 v0x56000b5556e0_0, 0, 1;
    %delay 10, 0;
    %vpi_call 2 25 "$finish" {0 0 0};
    %end;
    .thread T_0;
# The file index is used to find the file name in the following table.
:file_names 3;
    "N/A";
    "<interactive>";
    "prog2.v";
